Start testing: Oct 03 23:14 +04
----------------------------------------------------------
1/1 Testing: ModelsTest
1/1 Test: ModelsTest
Command: "/home/chepurnikh/Dev/DigitalCircuitSimulator/Models/build/ModelsTest"
Directory: /home/chepurnikh/Dev/DigitalCircuitSimulator/Models/build
"ModelsTest" start time: Oct 03 23:14 +04
Output:
----------------------------------------------------------
Running main() from /home/chepurnikh/Dev/DigitalCircuitSimulator/Models/third_party/googletest/googletest/src/gtest_main.cc
[==========] Running 1 test from 1 test suite.
[----------] Global test environment set-up.
[----------] 1 test from LogicGate
[ RUN      ] LogicGate.CalculateOutput
[       OK ] LogicGate.CalculateOutput (0 ms)
[----------] 1 test from LogicGate (0 ms total)

[----------] Global test environment tear-down
[==========] 1 test from 1 test suite ran. (0 ms total)
[  PASSED  ] 1 test.
<end of output>
Test time =   0.00 sec
----------------------------------------------------------
Test Passed.
"ModelsTest" end time: Oct 03 23:14 +04
"ModelsTest" time elapsed: 00:00:00
----------------------------------------------------------

End testing: Oct 03 23:14 +04
